<?xml version="1.0" encoding="UTF-8"?>
<testsuite xmlns:xsi="http://www.w3.org/2001/XMLSchema-instance" xsi:noNamespaceSchemaLocation="https://maven.apache.org/surefire/maven-surefire-plugin/xsd/surefire-test-report.xsd" version="3.0.2" name="com.lattmat.devop.DevOpIntegrationApplicationTests" time="10.556" tests="1" errors="0" skipped="0" failures="0">
  <properties>
[...]
</properties>
  <testcase name="contextLoads" classname="com.lattmat.devop.DevOpIntegrationApplicationTests" time="2.634">
    <system-out><![CDATA[15:32:57.510 [main] INFO org.springframework.test.context.support.AnnotationConfigContextLoaderUtils -- Could not detect default configuration classes for test class [com.lattmat.devop.DevOpIntegrationApplicationTests]: DevOpIntegrationApplicationTests does not declare any static, non-private, non-final, nested classes annotated with @Configuration.
15:32:57.749 [main] INFO org.springframework.boot.test.context.SpringBootTestContextBootstrapper -- Found @SpringBootConfiguration com.lattmat.devop.DevOpIntegrationApplication for test class com.lattmat.devop.DevOpIntegrationApplicationTests
15:32:58.010 [main] INFO org.springframework.boot.devtools.restart.RestartApplicationListener -- Restart disabled due to context in which it is running

  .   ____          _            __ _ _
 /\\ / ___'_ __ _ _(_)_ __  __ _ \ \ \ \
( ( )\___ | '_ | '_| | '_ \/ _` | \ \ \ \
 \\/  ___)| |_)| | | | | || (_| |  ) ) ) )
  '  |____| .__|_| |_|_| |_\__, | / / / /
 =========|_|==============|___/=/_/_/_/

 :: Spring Boot ::                (v3.4.4)

2025-04-24T15:32:58.486+07:00  INFO 69306 --- [devop-automation] [           main] c.l.d.DevOpIntegrationApplicationTests   : Starting DevOpIntegrationApplicationTests using Java 21.0.4 with PID 69306 (started by kyawtkyawtshwesin in /Users/kyawtkyawtshwesin/Downloads/practise/devop-automation)
2025-04-24T15:32:58.492+07:00  INFO 69306 --- [devop-automation] [           main] c.l.d.DevOpIntegrationApplicationTests   : No active profile set, falling back to 1 default profile: "default"
2025-04-24T15:33:00.237+07:00  INFO 69306 --- [devop-automation] [           main] .s.d.r.c.RepositoryConfigurationDelegate : Bootstrapping Spring Data MongoDB repositories in DEFAULT mode.
2025-04-24T15:33:00.374+07:00  INFO 69306 --- [devop-automation] [           main] .s.d.r.c.RepositoryConfigurationDelegate : Finished Spring Data repository scanning in 120 ms. Found 5 MongoDB repository interfaces.
2025-04-24T15:33:01.349+07:00  INFO 69306 --- [devop-automation] [           main] org.mongodb.driver.client                : MongoClient with metadata {"driver": {"name": "mongo-java-driver|sync|spring-boot", "version": "5.2.1"}, "os": {"type": "Darwin", "name": "Mac OS X", "architecture": "aarch64", "version": "14.6"}, "platform": "Java/Oracle Corporation/21.0.4+8-LTS-274"} created with settings MongoClientSettings{readPreference=primary, writeConcern=WriteConcern{w=null, wTimeout=null ms, journal=null}, retryWrites=true, retryReads=true, readConcern=ReadConcern{level=null}, credential=null, transportSettings=null, commandListeners=[io.micrometer.core.instrument.binder.mongodb.MongoMetricsCommandListener@682e422c], codecRegistry=ProvidersCodecRegistry{codecProviders=[ValueCodecProvider{}, BsonValueCodecProvider{}, DBRefCodecProvider{}, DBObjectCodecProvider{}, DocumentCodecProvider{}, CollectionCodecProvider{}, IterableCodecProvider{}, MapCodecProvider{}, GeoJsonCodecProvider{}, GridFSFileCodecProvider{}, Jsr310CodecProvider{}, JsonObjectCodecProvider{}, BsonCodecProvider{}, EnumCodecProvider{}, com.mongodb.client.model.mql.ExpressionCodecProvider@5bb8e6fc, com.mongodb.Jep395RecordCodecProvider@2726a511, com.mongodb.KotlinCodecProvider@72c9ebfa]}, loggerSettings=LoggerSettings{maxDocumentLength=1000}, clusterSettings={hosts=[localhost:27017], srvServiceName=mongodb, mode=SINGLE, requiredClusterType=UNKNOWN, requiredReplicaSetName='null', serverSelector='null', clusterListeners='[]', serverSelectionTimeout='30000 ms', localThreshold='15 ms'}, socketSettings=SocketSettings{connectTimeoutMS=10000, readTimeoutMS=0, receiveBufferSize=0, proxySettings=ProxySettings{host=null, port=null, username=null, password=null}}, heartbeatSocketSettings=SocketSettings{connectTimeoutMS=10000, readTimeoutMS=10000, receiveBufferSize=0, proxySettings=ProxySettings{host=null, port=null, username=null, password=null}}, connectionPoolSettings=ConnectionPoolSettings{maxSize=100, minSize=0, maxWaitTimeMS=120000, maxConnectionLifeTimeMS=0, maxConnectionIdleTimeMS=0, maintenanceInitialDelayMS=0, maintenanceFrequencyMS=60000, connectionPoolListeners=[io.micrometer.core.instrument.binder.mongodb.MongoMetricsConnectionPoolListener@686cf8ad], maxConnecting=2}, serverSettings=ServerSettings{heartbeatFrequencyMS=10000, minHeartbeatFrequencyMS=500, serverMonitoringMode=AUTO, serverListeners='[]', serverMonitorListeners='[]'}, sslSettings=SslSettings{enabled=false, invalidHostNameAllowed=false, context=null}, applicationName='null', compressorList=[], uuidRepresentation=JAVA_LEGACY, serverApi=null, autoEncryptionSettings=null, dnsClient=null, inetAddressResolver=null, contextProvider=null, timeoutMS=null}
2025-04-24T15:33:01.422+07:00  INFO 69306 --- [devop-automation] [localhost:27017] org.mongodb.driver.cluster               : Monitor thread successfully connected to server with description ServerDescription{address=localhost:27017, type=STANDALONE, cryptd=false, state=CONNECTED, ok=true, minWireVersion=0, maxWireVersion=25, maxDocumentSize=16777216, logicalSessionTimeoutMinutes=30, roundTripTimeNanos=35958167, minRoundTripTimeNanos=0}
2025-04-24T15:33:02.104+07:00  INFO 69306 --- [devop-automation] [           main] eAuthenticationProviderManagerConfigurer : Global AuthenticationManager configured with AuthenticationProvider bean with name authProvider
2025-04-24T15:33:02.106+07:00  WARN 69306 --- [devop-automation] [           main] r$InitializeUserDetailsManagerConfigurer : Global AuthenticationManager configured with an AuthenticationProvider bean. UserDetailsService beans will not be used by Spring Security for automatically configuring username/password login. Consider removing the AuthenticationProvider bean. Alternatively, consider using the UserDetailsService in a manually instantiated DaoAuthenticationProvider. If the current configuration is intentional, to turn off this warning, increase the logging level of 'org.springframework.security.config.annotation.authentication.configuration.InitializeUserDetailsBeanManagerConfigurer' to ERROR
2025-04-24T15:33:03.079+07:00  INFO 69306 --- [devop-automation] [           main] o.s.b.a.e.web.EndpointLinksResolver      : Exposing 1 endpoint beneath base path '/actuator'
2025-04-24T15:33:04.106+07:00  INFO 69306 --- [devop-automation] [           main] o.a.k.clients.consumer.ConsumerConfig    : ConsumerConfig values: 
	allow.auto.create.topics = true
	auto.commit.interval.ms = 5000
	auto.include.jmx.reporter = true
	auto.offset.reset = latest
	bootstrap.servers = [localhost:9092]
	check.crcs = true
	client.dns.lookup = use_all_dns_ips
	client.id = consumer-default-group-1
	client.rack = 
	connections.max.idle.ms = 540000
	default.api.timeout.ms = 60000
	enable.auto.commit = false
	enable.metrics.push = true
	exclude.internal.topics = true
	fetch.max.bytes = 52428800
	fetch.max.wait.ms = 500
	fetch.min.bytes = 1
	group.id = default-group
	group.instance.id = null
	group.protocol = classic
	group.remote.assignor = null
	heartbeat.interval.ms = 3000
	interceptor.classes = []
	internal.leave.group.on.close = true
	internal.throw.on.fetch.stable.offset.unsupported = false
	isolation.level = read_uncommitted
	key.deserializer = class org.apache.kafka.common.serialization.StringDeserializer
	max.partition.fetch.bytes = 1048576
	max.poll.interval.ms = 300000
	max.poll.records = 500
	metadata.max.age.ms = 300000
	metadata.recovery.strategy = none
	metric.reporters = []
	metrics.num.samples = 2
	metrics.recording.level = INFO
	metrics.sample.window.ms = 30000
	partition.assignment.strategy = [class org.apache.kafka.clients.consumer.RangeAssignor, class org.apache.kafka.clients.consumer.CooperativeStickyAssignor]
	receive.buffer.bytes = 65536
	reconnect.backoff.max.ms = 1000
	reconnect.backoff.ms = 50
	request.timeout.ms = 30000
	retry.backoff.max.ms = 1000
	retry.backoff.ms = 100
	sasl.client.callback.handler.class = null
	sasl.jaas.config = null
	sasl.kerberos.kinit.cmd = /usr/bin/kinit
	sasl.kerberos.min.time.before.relogin = 60000
	sasl.kerberos.service.name = null
	sasl.kerberos.ticket.renew.jitter = 0.05
	sasl.kerberos.ticket.renew.window.factor = 0.8
	sasl.login.callback.handler.class = null
	sasl.login.class = null
	sasl.login.connect.timeout.ms = null
	sasl.login.read.timeout.ms = null
	sasl.login.refresh.buffer.seconds = 300
	sasl.login.refresh.min.period.seconds = 60
	sasl.login.refresh.window.factor = 0.8
	sasl.login.refresh.window.jitter = 0.05
	sasl.login.retry.backoff.max.ms = 10000
	sasl.login.retry.backoff.ms = 100
	sasl.mechanism = GSSAPI
	sasl.oauthbearer.clock.skew.seconds = 30
	sasl.oauthbearer.expected.audience = null
	sasl.oauthbearer.expected.issuer = null
	sasl.oauthbearer.jwks.endpoint.refresh.ms = 3600000
	sasl.oauthbearer.jwks.endpoint.retry.backoff.max.ms = 10000
	sasl.oauthbearer.jwks.endpoint.retry.backoff.ms = 100
	sasl.oauthbearer.jwks.endpoint.url = null
	sasl.oauthbearer.scope.claim.name = scope
	sasl.oauthbearer.sub.claim.name = sub
	sasl.oauthbearer.token.endpoint.url = null
	security.protocol = PLAINTEXT
	security.providers = null
	send.buffer.bytes = 131072
	session.timeout.ms = 45000
	socket.connection.setup.timeout.max.ms = 30000
	socket.connection.setup.timeout.ms = 10000
	ssl.cipher.suites = null
	ssl.enabled.protocols = [TLSv1.2, TLSv1.3]
	ssl.endpoint.identification.algorithm = https
	ssl.engine.factory.class = null
	ssl.key.password = null
	ssl.keymanager.algorithm = SunX509
	ssl.keystore.certificate.chain = null
	ssl.keystore.key = null
	ssl.keystore.location = null
	ssl.keystore.password = null
	ssl.keystore.type = JKS
	ssl.protocol = TLSv1.3
	ssl.provider = null
	ssl.secure.random.implementation = null
	ssl.trustmanager.algorithm = PKIX
	ssl.truststore.certificates = null
	ssl.truststore.location = null
	ssl.truststore.password = null
	ssl.truststore.type = JKS
	value.deserializer = class org.springframework.kafka.support.serializer.JsonDeserializer

2025-04-24T15:33:04.183+07:00  INFO 69306 --- [devop-automation] [           main] o.a.k.c.t.i.KafkaMetricsCollector        : initializing Kafka metrics collector
2025-04-24T15:33:04.491+07:00  INFO 69306 --- [devop-automation] [           main] o.a.kafka.common.utils.AppInfoParser     : Kafka version: 3.8.1
2025-04-24T15:33:04.493+07:00  INFO 69306 --- [devop-automation] [           main] o.a.kafka.common.utils.AppInfoParser     : Kafka commitId: 70d6ff42debf7e17
2025-04-24T15:33:04.494+07:00  INFO 69306 --- [devop-automation] [           main] o.a.kafka.common.utils.AppInfoParser     : Kafka startTimeMs: 1745483584488
2025-04-24T15:33:04.521+07:00  INFO 69306 --- [devop-automation] [           main] o.a.k.c.c.internals.LegacyKafkaConsumer  : [Consumer clientId=consumer-default-group-1, groupId=default-group] Subscribed to topic(s): payment.processed
2025-04-24T15:33:04.541+07:00  INFO 69306 --- [devop-automation] [           main] o.a.k.clients.consumer.ConsumerConfig    : ConsumerConfig values: 
	allow.auto.create.topics = true
	auto.commit.interval.ms = 5000
	auto.include.jmx.reporter = true
	auto.offset.reset = latest
	bootstrap.servers = [localhost:9092]
	check.crcs = true
	client.dns.lookup = use_all_dns_ips
	client.id = consumer-default-group-2
	client.rack = 
	connections.max.idle.ms = 540000
	default.api.timeout.ms = 60000
	enable.auto.commit = false
	enable.metrics.push = true
	exclude.internal.topics = true
	fetch.max.bytes = 52428800
	fetch.max.wait.ms = 500
	fetch.min.bytes = 1
	group.id = default-group
	group.instance.id = null
	group.protocol = classic
	group.remote.assignor = null
	heartbeat.interval.ms = 3000
	interceptor.classes = []
	internal.leave.group.on.close = true
	internal.throw.on.fetch.stable.offset.unsupported = false
	isolation.level = read_uncommitted
	key.deserializer = class org.apache.kafka.common.serialization.StringDeserializer
	max.partition.fetch.bytes = 1048576
	max.poll.interval.ms = 300000
	max.poll.records = 500
	metadata.max.age.ms = 300000
	metadata.recovery.strategy = none
	metric.reporters = []
	metrics.num.samples = 2
	metrics.recording.level = INFO
	metrics.sample.window.ms = 30000
	partition.assignment.strategy = [class org.apache.kafka.clients.consumer.RangeAssignor, class org.apache.kafka.clients.consumer.CooperativeStickyAssignor]
	receive.buffer.bytes = 65536
	reconnect.backoff.max.ms = 1000
	reconnect.backoff.ms = 50
	request.timeout.ms = 30000
	retry.backoff.max.ms = 1000
	retry.backoff.ms = 100
	sasl.client.callback.handler.class = null
	sasl.jaas.config = null
	sasl.kerberos.kinit.cmd = /usr/bin/kinit
	sasl.kerberos.min.time.before.relogin = 60000
	sasl.kerberos.service.name = null
	sasl.kerberos.ticket.renew.jitter = 0.05
	sasl.kerberos.ticket.renew.window.factor = 0.8
	sasl.login.callback.handler.class = null
	sasl.login.class = null
	sasl.login.connect.timeout.ms = null
	sasl.login.read.timeout.ms = null
	sasl.login.refresh.buffer.seconds = 300
	sasl.login.refresh.min.period.seconds = 60
	sasl.login.refresh.window.factor = 0.8
	sasl.login.refresh.window.jitter = 0.05
	sasl.login.retry.backoff.max.ms = 10000
	sasl.login.retry.backoff.ms = 100
	sasl.mechanism = GSSAPI
	sasl.oauthbearer.clock.skew.seconds = 30
	sasl.oauthbearer.expected.audience = null
	sasl.oauthbearer.expected.issuer = null
	sasl.oauthbearer.jwks.endpoint.refresh.ms = 3600000
	sasl.oauthbearer.jwks.endpoint.retry.backoff.max.ms = 10000
	sasl.oauthbearer.jwks.endpoint.retry.backoff.ms = 100
	sasl.oauthbearer.jwks.endpoint.url = null
	sasl.oauthbearer.scope.claim.name = scope
	sasl.oauthbearer.sub.claim.name = sub
	sasl.oauthbearer.token.endpoint.url = null
	security.protocol = PLAINTEXT
	security.providers = null
	send.buffer.bytes = 131072
	session.timeout.ms = 45000
	socket.connection.setup.timeout.max.ms = 30000
	socket.connection.setup.timeout.ms = 10000
	ssl.cipher.suites = null
	ssl.enabled.protocols = [TLSv1.2, TLSv1.3]
	ssl.endpoint.identification.algorithm = https
	ssl.engine.factory.class = null
	ssl.key.password = null
	ssl.keymanager.algorithm = SunX509
	ssl.keystore.certificate.chain = null
	ssl.keystore.key = null
	ssl.keystore.location = null
	ssl.keystore.password = null
	ssl.keystore.type = JKS
	ssl.protocol = TLSv1.3
	ssl.provider = null
	ssl.secure.random.implementation = null
	ssl.trustmanager.algorithm = PKIX
	ssl.truststore.certificates = null
	ssl.truststore.location = null
	ssl.truststore.password = null
	ssl.truststore.type = JKS
	value.deserializer = class org.springframework.kafka.support.serializer.JsonDeserializer

2025-04-24T15:33:04.543+07:00  INFO 69306 --- [devop-automation] [           main] o.a.k.c.t.i.KafkaMetricsCollector        : initializing Kafka metrics collector
2025-04-24T15:33:04.557+07:00  INFO 69306 --- [devop-automation] [           main] o.a.kafka.common.utils.AppInfoParser     : Kafka version: 3.8.1
2025-04-24T15:33:04.558+07:00  INFO 69306 --- [devop-automation] [           main] o.a.kafka.common.utils.AppInfoParser     : Kafka commitId: 70d6ff42debf7e17
2025-04-24T15:33:04.558+07:00  INFO 69306 --- [devop-automation] [           main] o.a.kafka.common.utils.AppInfoParser     : Kafka startTimeMs: 1745483584557
2025-04-24T15:33:04.568+07:00  INFO 69306 --- [devop-automation] [           main] o.a.k.c.c.internals.LegacyKafkaConsumer  : [Consumer clientId=consumer-default-group-2, groupId=default-group] Subscribed to topic(s): payment.processed
2025-04-24T15:33:04.576+07:00  INFO 69306 --- [devop-automation] [           main] o.a.k.clients.consumer.ConsumerConfig    : ConsumerConfig values: 
	allow.auto.create.topics = true
	auto.commit.interval.ms = 5000
	auto.include.jmx.reporter = true
	auto.offset.reset = latest
	bootstrap.servers = [localhost:9092]
	check.crcs = true
	client.dns.lookup = use_all_dns_ips
	client.id = consumer-default-group-3
	client.rack = 
	connections.max.idle.ms = 540000
	default.api.timeout.ms = 60000
	enable.auto.commit = false
	enable.metrics.push = true
	exclude.internal.topics = true
	fetch.max.bytes = 52428800
	fetch.max.wait.ms = 500
	fetch.min.bytes = 1
	group.id = default-group
	group.instance.id = null
	group.protocol = classic
	group.remote.assignor = null
	heartbeat.interval.ms = 3000
	interceptor.classes = []
	internal.leave.group.on.close = true
	internal.throw.on.fetch.stable.offset.unsupported = false
	isolation.level = read_uncommitted
	key.deserializer = class org.apache.kafka.common.serialization.StringDeserializer
	max.partition.fetch.bytes = 1048576
	max.poll.interval.ms = 300000
	max.poll.records = 500
	metadata.max.age.ms = 300000
	metadata.recovery.strategy = none
	metric.reporters = []
	metrics.num.samples = 2
	metrics.recording.level = INFO
	metrics.sample.window.ms = 30000
	partition.assignment.strategy = [class org.apache.kafka.clients.consumer.RangeAssignor, class org.apache.kafka.clients.consumer.CooperativeStickyAssignor]
	receive.buffer.bytes = 65536
	reconnect.backoff.max.ms = 1000
	reconnect.backoff.ms = 50
	request.timeout.ms = 30000
	retry.backoff.max.ms = 1000
	retry.backoff.ms = 100
	sasl.client.callback.handler.class = null
	sasl.jaas.config = null
	sasl.kerberos.kinit.cmd = /usr/bin/kinit
	sasl.kerberos.min.time.before.relogin = 60000
	sasl.kerberos.service.name = null
	sasl.kerberos.ticket.renew.jitter = 0.05
	sasl.kerberos.ticket.renew.window.factor = 0.8
	sasl.login.callback.handler.class = null
	sasl.login.class = null
	sasl.login.connect.timeout.ms = null
	sasl.login.read.timeout.ms = null
	sasl.login.refresh.buffer.seconds = 300
	sasl.login.refresh.min.period.seconds = 60
	sasl.login.refresh.window.factor = 0.8
	sasl.login.refresh.window.jitter = 0.05
	sasl.login.retry.backoff.max.ms = 10000
	sasl.login.retry.backoff.ms = 100
	sasl.mechanism = GSSAPI
	sasl.oauthbearer.clock.skew.seconds = 30
	sasl.oauthbearer.expected.audience = null
	sasl.oauthbearer.expected.issuer = null
	sasl.oauthbearer.jwks.endpoint.refresh.ms = 3600000
	sasl.oauthbearer.jwks.endpoint.retry.backoff.max.ms = 10000
	sasl.oauthbearer.jwks.endpoint.retry.backoff.ms = 100
	sasl.oauthbearer.jwks.endpoint.url = null
	sasl.oauthbearer.scope.claim.name = scope
	sasl.oauthbearer.sub.claim.name = sub
	sasl.oauthbearer.token.endpoint.url = null
	security.protocol = PLAINTEXT
	security.providers = null
	send.buffer.bytes = 131072
	session.timeout.ms = 45000
	socket.connection.setup.timeout.max.ms = 30000
	socket.connection.setup.timeout.ms = 10000
	ssl.cipher.suites = null
	ssl.enabled.protocols = [TLSv1.2, TLSv1.3]
	ssl.endpoint.identification.algorithm = https
	ssl.engine.factory.class = null
	ssl.key.password = null
	ssl.keymanager.algorithm = SunX509
	ssl.keystore.certificate.chain = null
	ssl.keystore.key = null
	ssl.keystore.location = null
	ssl.keystore.password = null
	ssl.keystore.type = JKS
	ssl.protocol = TLSv1.3
	ssl.provider = null
	ssl.secure.random.implementation = null
	ssl.trustmanager.algorithm = PKIX
	ssl.truststore.certificates = null
	ssl.truststore.location = null
	ssl.truststore.password = null
	ssl.truststore.type = JKS
	value.deserializer = class org.springframework.kafka.support.serializer.JsonDeserializer

2025-04-24T15:33:04.599+07:00  INFO 69306 --- [devop-automation] [           main] o.a.k.c.t.i.KafkaMetricsCollector        : initializing Kafka metrics collector
2025-04-24T15:33:04.614+07:00  INFO 69306 --- [devop-automation] [           main] o.a.kafka.common.utils.AppInfoParser     : Kafka version: 3.8.1
2025-04-24T15:33:04.615+07:00  INFO 69306 --- [devop-automation] [           main] o.a.kafka.common.utils.AppInfoParser     : Kafka commitId: 70d6ff42debf7e17
2025-04-24T15:33:04.615+07:00  INFO 69306 --- [devop-automation] [           main] o.a.kafka.common.utils.AppInfoParser     : Kafka startTimeMs: 1745483584614
2025-04-24T15:33:04.633+07:00  INFO 69306 --- [devop-automation] [           main] o.a.k.c.c.internals.LegacyKafkaConsumer  : [Consumer clientId=consumer-default-group-3, groupId=default-group] Subscribed to topic(s): payment.processed
2025-04-24T15:33:04.649+07:00  INFO 69306 --- [devop-automation] [           main] o.a.k.clients.consumer.ConsumerConfig    : ConsumerConfig values: 
	allow.auto.create.topics = true
	auto.commit.interval.ms = 5000
	auto.include.jmx.reporter = true
	auto.offset.reset = latest
	bootstrap.servers = [localhost:9092]
	check.crcs = true
	client.dns.lookup = use_all_dns_ips
	client.id = consumer-default-group-4
	client.rack = 
	connections.max.idle.ms = 540000
	default.api.timeout.ms = 60000
	enable.auto.commit = false
	enable.metrics.push = true
	exclude.internal.topics = true
	fetch.max.bytes = 52428800
	fetch.max.wait.ms = 500
	fetch.min.bytes = 1
	group.id = default-group
	group.instance.id = null
	group.protocol = classic
	group.remote.assignor = null
	heartbeat.interval.ms = 3000
	interceptor.classes = []
	internal.leave.group.on.close = true
	internal.throw.on.fetch.stable.offset.unsupported = false
	isolation.level = read_uncommitted
	key.deserializer = class org.apache.kafka.common.serialization.StringDeserializer
	max.partition.fetch.bytes = 1048576
	max.poll.interval.ms = 300000
	max.poll.records = 500
	metadata.max.age.ms = 300000
	metadata.recovery.strategy = none
	metric.reporters = []
	metrics.num.samples = 2
	metrics.recording.level = INFO
	metrics.sample.window.ms = 30000
	partition.assignment.strategy = [class org.apache.kafka.clients.consumer.RangeAssignor, class org.apache.kafka.clients.consumer.CooperativeStickyAssignor]
	receive.buffer.bytes = 65536
	reconnect.backoff.max.ms = 1000
	reconnect.backoff.ms = 50
	request.timeout.ms = 30000
	retry.backoff.max.ms = 1000
	retry.backoff.ms = 100
	sasl.client.callback.handler.class = null
	sasl.jaas.config = null
	sasl.kerberos.kinit.cmd = /usr/bin/kinit
	sasl.kerberos.min.time.before.relogin = 60000
	sasl.kerberos.service.name = null
	sasl.kerberos.ticket.renew.jitter = 0.05
	sasl.kerberos.ticket.renew.window.factor = 0.8
	sasl.login.callback.handler.class = null
	sasl.login.class = null
	sasl.login.connect.timeout.ms = null
	sasl.login.read.timeout.ms = null
	sasl.login.refresh.buffer.seconds = 300
	sasl.login.refresh.min.period.seconds = 60
	sasl.login.refresh.window.factor = 0.8
	sasl.login.refresh.window.jitter = 0.05
	sasl.login.retry.backoff.max.ms = 10000
	sasl.login.retry.backoff.ms = 100
	sasl.mechanism = GSSAPI
	sasl.oauthbearer.clock.skew.seconds = 30
	sasl.oauthbearer.expected.audience = null
	sasl.oauthbearer.expected.issuer = null
	sasl.oauthbearer.jwks.endpoint.refresh.ms = 3600000
	sasl.oauthbearer.jwks.endpoint.retry.backoff.max.ms = 10000
	sasl.oauthbearer.jwks.endpoint.retry.backoff.ms = 100
	sasl.oauthbearer.jwks.endpoint.url = null
	sasl.oauthbearer.scope.claim.name = scope
	sasl.oauthbearer.sub.claim.name = sub
	sasl.oauthbearer.token.endpoint.url = null
	security.protocol = PLAINTEXT
	security.providers = null
	send.buffer.bytes = 131072
	session.timeout.ms = 45000
	socket.connection.setup.timeout.max.ms = 30000
	socket.connection.setup.timeout.ms = 10000
	ssl.cipher.suites = null
	ssl.enabled.protocols = [TLSv1.2, TLSv1.3]
	ssl.endpoint.identification.algorithm = https
	ssl.engine.factory.class = null
	ssl.key.password = null
	ssl.keymanager.algorithm = SunX509
	ssl.keystore.certificate.chain = null
	ssl.keystore.key = null
	ssl.keystore.location = null
	ssl.keystore.password = null
	ssl.keystore.type = JKS
	ssl.protocol = TLSv1.3
	ssl.provider = null
	ssl.secure.random.implementation = null
	ssl.trustmanager.algorithm = PKIX
	ssl.truststore.certificates = null
	ssl.truststore.location = null
	ssl.truststore.password = null
	ssl.truststore.type = JKS
	value.deserializer = class org.springframework.kafka.support.serializer.JsonDeserializer

2025-04-24T15:33:04.650+07:00  INFO 69306 --- [devop-automation] [           main] o.a.k.c.t.i.KafkaMetricsCollector        : initializing Kafka metrics collector
2025-04-24T15:33:04.666+07:00  INFO 69306 --- [devop-automation] [           main] o.a.kafka.common.utils.AppInfoParser     : Kafka version: 3.8.1
2025-04-24T15:33:04.667+07:00  INFO 69306 --- [devop-automation] [           main] o.a.kafka.common.utils.AppInfoParser     : Kafka commitId: 70d6ff42debf7e17
2025-04-24T15:33:04.667+07:00  INFO 69306 --- [devop-automation] [           main] o.a.kafka.common.utils.AppInfoParser     : Kafka startTimeMs: 1745483584666
2025-04-24T15:33:04.676+07:00  INFO 69306 --- [devop-automation] [           main] o.a.k.c.c.internals.LegacyKafkaConsumer  : [Consumer clientId=consumer-default-group-4, groupId=default-group] Subscribed to topic(s): order.created
2025-04-24T15:33:04.683+07:00  INFO 69306 --- [devop-automation] [           main] o.a.k.clients.consumer.ConsumerConfig    : ConsumerConfig values: 
	allow.auto.create.topics = true
	auto.commit.interval.ms = 5000
	auto.include.jmx.reporter = true
	auto.offset.reset = latest
	bootstrap.servers = [localhost:9092]
	check.crcs = true
	client.dns.lookup = use_all_dns_ips
	client.id = consumer-default-group-5
	client.rack = 
	connections.max.idle.ms = 540000
	default.api.timeout.ms = 60000
	enable.auto.commit = false
	enable.metrics.push = true
	exclude.internal.topics = true
	fetch.max.bytes = 52428800
	fetch.max.wait.ms = 500
	fetch.min.bytes = 1
	group.id = default-group
	group.instance.id = null
	group.protocol = classic
	group.remote.assignor = null
	heartbeat.interval.ms = 3000
	interceptor.classes = []
	internal.leave.group.on.close = true
	internal.throw.on.fetch.stable.offset.unsupported = false
	isolation.level = read_uncommitted
	key.deserializer = class org.apache.kafka.common.serialization.StringDeserializer
	max.partition.fetch.bytes = 1048576
	max.poll.interval.ms = 300000
	max.poll.records = 500
	metadata.max.age.ms = 300000
	metadata.recovery.strategy = none
	metric.reporters = []
	metrics.num.samples = 2
	metrics.recording.level = INFO
	metrics.sample.window.ms = 30000
	partition.assignment.strategy = [class org.apache.kafka.clients.consumer.RangeAssignor, class org.apache.kafka.clients.consumer.CooperativeStickyAssignor]
	receive.buffer.bytes = 65536
	reconnect.backoff.max.ms = 1000
	reconnect.backoff.ms = 50
	request.timeout.ms = 30000
	retry.backoff.max.ms = 1000
	retry.backoff.ms = 100
	sasl.client.callback.handler.class = null
	sasl.jaas.config = null
	sasl.kerberos.kinit.cmd = /usr/bin/kinit
	sasl.kerberos.min.time.before.relogin = 60000
	sasl.kerberos.service.name = null
	sasl.kerberos.ticket.renew.jitter = 0.05
	sasl.kerberos.ticket.renew.window.factor = 0.8
	sasl.login.callback.handler.class = null
	sasl.login.class = null
	sasl.login.connect.timeout.ms = null
	sasl.login.read.timeout.ms = null
	sasl.login.refresh.buffer.seconds = 300
	sasl.login.refresh.min.period.seconds = 60
	sasl.login.refresh.window.factor = 0.8
	sasl.login.refresh.window.jitter = 0.05
	sasl.login.retry.backoff.max.ms = 10000
	sasl.login.retry.backoff.ms = 100
	sasl.mechanism = GSSAPI
	sasl.oauthbearer.clock.skew.seconds = 30
	sasl.oauthbearer.expected.audience = null
	sasl.oauthbearer.expected.issuer = null
	sasl.oauthbearer.jwks.endpoint.refresh.ms = 3600000
	sasl.oauthbearer.jwks.endpoint.retry.backoff.max.ms = 10000
	sasl.oauthbearer.jwks.endpoint.retry.backoff.ms = 100
	sasl.oauthbearer.jwks.endpoint.url = null
	sasl.oauthbearer.scope.claim.name = scope
	sasl.oauthbearer.sub.claim.name = sub
	sasl.oauthbearer.token.endpoint.url = null
	security.protocol = PLAINTEXT
	security.providers = null
	send.buffer.bytes = 131072
	session.timeout.ms = 45000
	socket.connection.setup.timeout.max.ms = 30000
	socket.connection.setup.timeout.ms = 10000
	ssl.cipher.suites = null
	ssl.enabled.protocols = [TLSv1.2, TLSv1.3]
	ssl.endpoint.identification.algorithm = https
	ssl.engine.factory.class = null
	ssl.key.password = null
	ssl.keymanager.algorithm = SunX509
	ssl.keystore.certificate.chain = null
	ssl.keystore.key = null
	ssl.keystore.location = null
	ssl.keystore.password = null
	ssl.keystore.type = JKS
	ssl.protocol = TLSv1.3
	ssl.provider = null
	ssl.secure.random.implementation = null
	ssl.trustmanager.algorithm = PKIX
	ssl.truststore.certificates = null
	ssl.truststore.location = null
	ssl.truststore.password = null
	ssl.truststore.type = JKS
	value.deserializer = class org.springframework.kafka.support.serializer.JsonDeserializer

2025-04-24T15:33:04.684+07:00  INFO 69306 --- [devop-automation] [           main] o.a.k.c.t.i.KafkaMetricsCollector        : initializing Kafka metrics collector
2025-04-24T15:33:04.697+07:00  INFO 69306 --- [devop-automation] [           main] o.a.kafka.common.utils.AppInfoParser     : Kafka version: 3.8.1
2025-04-24T15:33:04.698+07:00  INFO 69306 --- [devop-automation] [           main] o.a.kafka.common.utils.AppInfoParser     : Kafka commitId: 70d6ff42debf7e17
2025-04-24T15:33:04.698+07:00  INFO 69306 --- [devop-automation] [           main] o.a.kafka.common.utils.AppInfoParser     : Kafka startTimeMs: 1745483584697
2025-04-24T15:33:04.712+07:00  INFO 69306 --- [devop-automation] [           main] o.a.k.c.c.internals.LegacyKafkaConsumer  : [Consumer clientId=consumer-default-group-5, groupId=default-group] Subscribed to topic(s): order.created
2025-04-24T15:33:04.724+07:00  INFO 69306 --- [devop-automation] [           main] o.a.k.clients.consumer.ConsumerConfig    : ConsumerConfig values: 
	allow.auto.create.topics = true
	auto.commit.interval.ms = 5000
	auto.include.jmx.reporter = true
	auto.offset.reset = latest
	bootstrap.servers = [localhost:9092]
	check.crcs = true
	client.dns.lookup = use_all_dns_ips
	client.id = consumer-default-group-6
	client.rack = 
	connections.max.idle.ms = 540000
	default.api.timeout.ms = 60000
	enable.auto.commit = false
	enable.metrics.push = true
	exclude.internal.topics = true
	fetch.max.bytes = 52428800
	fetch.max.wait.ms = 500
	fetch.min.bytes = 1
	group.id = default-group
	group.instance.id = null
	group.protocol = classic
	group.remote.assignor = null
	heartbeat.interval.ms = 3000
	interceptor.classes = []
	internal.leave.group.on.close = true
	internal.throw.on.fetch.stable.offset.unsupported = false
	isolation.level = read_uncommitted
	key.deserializer = class org.apache.kafka.common.serialization.StringDeserializer
	max.partition.fetch.bytes = 1048576
	max.poll.interval.ms = 300000
	max.poll.records = 500
	metadata.max.age.ms = 300000
	metadata.recovery.strategy = none
	metric.reporters = []
	metrics.num.samples = 2
	metrics.recording.level = INFO
	metrics.sample.window.ms = 30000
	partition.assignment.strategy = [class org.apache.kafka.clients.consumer.RangeAssignor, class org.apache.kafka.clients.consumer.CooperativeStickyAssignor]
	receive.buffer.bytes = 65536
	reconnect.backoff.max.ms = 1000
	reconnect.backoff.ms = 50
	request.timeout.ms = 30000
	retry.backoff.max.ms = 1000
	retry.backoff.ms = 100
	sasl.client.callback.handler.class = null
	sasl.jaas.config = null
	sasl.kerberos.kinit.cmd = /usr/bin/kinit
	sasl.kerberos.min.time.before.relogin = 60000
	sasl.kerberos.service.name = null
	sasl.kerberos.ticket.renew.jitter = 0.05
	sasl.kerberos.ticket.renew.window.factor = 0.8
	sasl.login.callback.handler.class = null
	sasl.login.class = null
	sasl.login.connect.timeout.ms = null
	sasl.login.read.timeout.ms = null
	sasl.login.refresh.buffer.seconds = 300
	sasl.login.refresh.min.period.seconds = 60
	sasl.login.refresh.window.factor = 0.8
	sasl.login.refresh.window.jitter = 0.05
	sasl.login.retry.backoff.max.ms = 10000
	sasl.login.retry.backoff.ms = 100
	sasl.mechanism = GSSAPI
	sasl.oauthbearer.clock.skew.seconds = 30
	sasl.oauthbearer.expected.audience = null
	sasl.oauthbearer.expected.issuer = null
	sasl.oauthbearer.jwks.endpoint.refresh.ms = 3600000
	sasl.oauthbearer.jwks.endpoint.retry.backoff.max.ms = 10000
	sasl.oauthbearer.jwks.endpoint.retry.backoff.ms = 100
	sasl.oauthbearer.jwks.endpoint.url = null
	sasl.oauthbearer.scope.claim.name = scope
	sasl.oauthbearer.sub.claim.name = sub
	sasl.oauthbearer.token.endpoint.url = null
	security.protocol = PLAINTEXT
	security.providers = null
	send.buffer.bytes = 131072
	session.timeout.ms = 45000
	socket.connection.setup.timeout.max.ms = 30000
	socket.connection.setup.timeout.ms = 10000
	ssl.cipher.suites = null
	ssl.enabled.protocols = [TLSv1.2, TLSv1.3]
	ssl.endpoint.identification.algorithm = https
	ssl.engine.factory.class = null
	ssl.key.password = null
	ssl.keymanager.algorithm = SunX509
	ssl.keystore.certificate.chain = null
	ssl.keystore.key = null
	ssl.keystore.location = null
	ssl.keystore.password = null
	ssl.keystore.type = JKS
	ssl.protocol = TLSv1.3
	ssl.provider = null
	ssl.secure.random.implementation = null
	ssl.trustmanager.algorithm = PKIX
	ssl.truststore.certificates = null
	ssl.truststore.location = null
	ssl.truststore.password = null
	ssl.truststore.type = JKS
	value.deserializer = class org.springframework.kafka.support.serializer.JsonDeserializer

2025-04-24T15:33:04.725+07:00  INFO 69306 --- [devop-automation] [           main] o.a.k.c.t.i.KafkaMetricsCollector        : initializing Kafka metrics collector
2025-04-24T15:33:04.731+07:00  INFO 69306 --- [devop-automation] [           main] o.a.kafka.common.utils.AppInfoParser     : Kafka version: 3.8.1
2025-04-24T15:33:04.731+07:00  INFO 69306 --- [devop-automation] [           main] o.a.kafka.common.utils.AppInfoParser     : Kafka commitId: 70d6ff42debf7e17
2025-04-24T15:33:04.732+07:00  INFO 69306 --- [devop-automation] [           main] o.a.kafka.common.utils.AppInfoParser     : Kafka startTimeMs: 1745483584731
2025-04-24T15:33:04.748+07:00  INFO 69306 --- [devop-automation] [           main] o.a.k.c.c.internals.LegacyKafkaConsumer  : [Consumer clientId=consumer-default-group-6, groupId=default-group] Subscribed to topic(s): order.created
2025-04-24T15:33:04.756+07:00  INFO 69306 --- [devop-automation] [           main] o.a.k.clients.consumer.ConsumerConfig    : ConsumerConfig values: 
	allow.auto.create.topics = true
	auto.commit.interval.ms = 5000
	auto.include.jmx.reporter = true
	auto.offset.reset = latest
	bootstrap.servers = [localhost:9092]
	check.crcs = true
	client.dns.lookup = use_all_dns_ips
	client.id = consumer-default-group-7
	client.rack = 
	connections.max.idle.ms = 540000
	default.api.timeout.ms = 60000
	enable.auto.commit = false
	enable.metrics.push = true
	exclude.internal.topics = true
	fetch.max.bytes = 52428800
	fetch.max.wait.ms = 500
	fetch.min.bytes = 1
	group.id = default-group
	group.instance.id = null
	group.protocol = classic
	group.remote.assignor = null
	heartbeat.interval.ms = 3000
	interceptor.classes = []
	internal.leave.group.on.close = true
	internal.throw.on.fetch.stable.offset.unsupported = false
	isolation.level = read_uncommitted
	key.deserializer = class org.apache.kafka.common.serialization.StringDeserializer
	max.partition.fetch.bytes = 1048576
	max.poll.interval.ms = 300000
	max.poll.records = 500
	metadata.max.age.ms = 300000
	metadata.recovery.strategy = none
	metric.reporters = []
	metrics.num.samples = 2
	metrics.recording.level = INFO
	metrics.sample.window.ms = 30000
	partition.assignment.strategy = [class org.apache.kafka.clients.consumer.RangeAssignor, class org.apache.kafka.clients.consumer.CooperativeStickyAssignor]
	receive.buffer.bytes = 65536
	reconnect.backoff.max.ms = 1000
	reconnect.backoff.ms = 50
	request.timeout.ms = 30000
	retry.backoff.max.ms = 1000
	retry.backoff.ms = 100
	sasl.client.callback.handler.class = null
	sasl.jaas.config = null
	sasl.kerberos.kinit.cmd = /usr/bin/kinit
	sasl.kerberos.min.time.before.relogin = 60000
	sasl.kerberos.service.name = null
	sasl.kerberos.ticket.renew.jitter = 0.05
	sasl.kerberos.ticket.renew.window.factor = 0.8
	sasl.login.callback.handler.class = null
	sasl.login.class = null
	sasl.login.connect.timeout.ms = null
	sasl.login.read.timeout.ms = null
	sasl.login.refresh.buffer.seconds = 300
	sasl.login.refresh.min.period.seconds = 60
	sasl.login.refresh.window.factor = 0.8
	sasl.login.refresh.window.jitter = 0.05
	sasl.login.retry.backoff.max.ms = 10000
	sasl.login.retry.backoff.ms = 100
	sasl.mechanism = GSSAPI
	sasl.oauthbearer.clock.skew.seconds = 30
	sasl.oauthbearer.expected.audience = null
	sasl.oauthbearer.expected.issuer = null
	sasl.oauthbearer.jwks.endpoint.refresh.ms = 3600000
	sasl.oauthbearer.jwks.endpoint.retry.backoff.max.ms = 10000
	sasl.oauthbearer.jwks.endpoint.retry.backoff.ms = 100
	sasl.oauthbearer.jwks.endpoint.url = null
	sasl.oauthbearer.scope.claim.name = scope
	sasl.oauthbearer.sub.claim.name = sub
	sasl.oauthbearer.token.endpoint.url = null
	security.protocol = PLAINTEXT
	security.providers = null
	send.buffer.bytes = 131072
	session.timeout.ms = 45000
	socket.connection.setup.timeout.max.ms = 30000
	socket.connection.setup.timeout.ms = 10000
	ssl.cipher.suites = null
	ssl.enabled.protocols = [TLSv1.2, TLSv1.3]
	ssl.endpoint.identification.algorithm = https
	ssl.engine.factory.class = null
	ssl.key.password = null
	ssl.keymanager.algorithm = SunX509
	ssl.keystore.certificate.chain = null
	ssl.keystore.key = null
	ssl.keystore.location = null
	ssl.keystore.password = null
	ssl.keystore.type = JKS
	ssl.protocol = TLSv1.3
	ssl.provider = null
	ssl.secure.random.implementation = null
	ssl.trustmanager.algorithm = PKIX
	ssl.truststore.certificates = null
	ssl.truststore.location = null
	ssl.truststore.password = null
	ssl.truststore.type = JKS
	value.deserializer = class org.springframework.kafka.support.serializer.JsonDeserializer

2025-04-24T15:33:04.808+07:00  INFO 69306 --- [devop-automation] [           main] o.a.k.c.t.i.KafkaMetricsCollector        : initializing Kafka metrics collector
2025-04-24T15:33:04.867+07:00  INFO 69306 --- [devop-automation] [           main] o.a.kafka.common.utils.AppInfoParser     : Kafka version: 3.8.1
2025-04-24T15:33:04.867+07:00  INFO 69306 --- [devop-automation] [           main] o.a.kafka.common.utils.AppInfoParser     : Kafka commitId: 70d6ff42debf7e17
2025-04-24T15:33:04.867+07:00  INFO 69306 --- [devop-automation] [           main] o.a.kafka.common.utils.AppInfoParser     : Kafka startTimeMs: 1745483584867
2025-04-24T15:33:04.877+07:00  INFO 69306 --- [devop-automation] [           main] o.a.k.c.c.internals.LegacyKafkaConsumer  : [Consumer clientId=consumer-default-group-7, groupId=default-group] Subscribed to topic(s): inventory.checked
2025-04-24T15:33:04.891+07:00  INFO 69306 --- [devop-automation] [           main] o.a.k.clients.consumer.ConsumerConfig    : ConsumerConfig values: 
	allow.auto.create.topics = true
	auto.commit.interval.ms = 5000
	auto.include.jmx.reporter = true
	auto.offset.reset = latest
	bootstrap.servers = [localhost:9092]
	check.crcs = true
	client.dns.lookup = use_all_dns_ips
	client.id = consumer-default-group-8
	client.rack = 
	connections.max.idle.ms = 540000
	default.api.timeout.ms = 60000
	enable.auto.commit = false
	enable.metrics.push = true
	exclude.internal.topics = true
	fetch.max.bytes = 52428800
	fetch.max.wait.ms = 500
	fetch.min.bytes = 1
	group.id = default-group
	group.instance.id = null
	group.protocol = classic
	group.remote.assignor = null
	heartbeat.interval.ms = 3000
	interceptor.classes = []
	internal.leave.group.on.close = true
	internal.throw.on.fetch.stable.offset.unsupported = false
	isolation.level = read_uncommitted
	key.deserializer = class org.apache.kafka.common.serialization.StringDeserializer
	max.partition.fetch.bytes = 1048576
	max.poll.interval.ms = 300000
	max.poll.records = 500
	metadata.max.age.ms = 300000
	metadata.recovery.strategy = none
	metric.reporters = []
	metrics.num.samples = 2
	metrics.recording.level = INFO
	metrics.sample.window.ms = 30000
	partition.assignment.strategy = [class org.apache.kafka.clients.consumer.RangeAssignor, class org.apache.kafka.clients.consumer.CooperativeStickyAssignor]
	receive.buffer.bytes = 65536
	reconnect.backoff.max.ms = 1000
	reconnect.backoff.ms = 50
	request.timeout.ms = 30000
	retry.backoff.max.ms = 1000
	retry.backoff.ms = 100
	sasl.client.callback.handler.class = null
	sasl.jaas.config = null
	sasl.kerberos.kinit.cmd = /usr/bin/kinit
	sasl.kerberos.min.time.before.relogin = 60000
	sasl.kerberos.service.name = null
	sasl.kerberos.ticket.renew.jitter = 0.05
	sasl.kerberos.ticket.renew.window.factor = 0.8
	sasl.login.callback.handler.class = null
	sasl.login.class = null
	sasl.login.connect.timeout.ms = null
	sasl.login.read.timeout.ms = null
	sasl.login.refresh.buffer.seconds = 300
	sasl.login.refresh.min.period.seconds = 60
	sasl.login.refresh.window.factor = 0.8
	sasl.login.refresh.window.jitter = 0.05
	sasl.login.retry.backoff.max.ms = 10000
	sasl.login.retry.backoff.ms = 100
	sasl.mechanism = GSSAPI
	sasl.oauthbearer.clock.skew.seconds = 30
	sasl.oauthbearer.expected.audience = null
	sasl.oauthbearer.expected.issuer = null
	sasl.oauthbearer.jwks.endpoint.refresh.ms = 3600000
	sasl.oauthbearer.jwks.endpoint.retry.backoff.max.ms = 10000
	sasl.oauthbearer.jwks.endpoint.retry.backoff.ms = 100
	sasl.oauthbearer.jwks.endpoint.url = null
	sasl.oauthbearer.scope.claim.name = scope
	sasl.oauthbearer.sub.claim.name = sub
	sasl.oauthbearer.token.endpoint.url = null
	security.protocol = PLAINTEXT
	security.providers = null
	send.buffer.bytes = 131072
	session.timeout.ms = 45000
	socket.connection.setup.timeout.max.ms = 30000
	socket.connection.setup.timeout.ms = 10000
	ssl.cipher.suites = null
	ssl.enabled.protocols = [TLSv1.2, TLSv1.3]
	ssl.endpoint.identification.algorithm = https
	ssl.engine.factory.class = null
	ssl.key.password = null
	ssl.keymanager.algorithm = SunX509
	ssl.keystore.certificate.chain = null
	ssl.keystore.key = null
	ssl.keystore.location = null
	ssl.keystore.password = null
	ssl.keystore.type = JKS
	ssl.protocol = TLSv1.3
	ssl.provider = null
	ssl.secure.random.implementation = null
	ssl.trustmanager.algorithm = PKIX
	ssl.truststore.certificates = null
	ssl.truststore.location = null
	ssl.truststore.password = null
	ssl.truststore.type = JKS
	value.deserializer = class org.springframework.kafka.support.serializer.JsonDeserializer

2025-04-24T15:33:04.907+07:00  INFO 69306 --- [devop-automation] [           main] o.a.k.c.t.i.KafkaMetricsCollector        : initializing Kafka metrics collector
2025-04-24T15:33:04.917+07:00  INFO 69306 --- [devop-automation] [           main] o.a.kafka.common.utils.AppInfoParser     : Kafka version: 3.8.1
2025-04-24T15:33:04.917+07:00  INFO 69306 --- [devop-automation] [           main] o.a.kafka.common.utils.AppInfoParser     : Kafka commitId: 70d6ff42debf7e17
2025-04-24T15:33:04.917+07:00  INFO 69306 --- [devop-automation] [           main] o.a.kafka.common.utils.AppInfoParser     : Kafka startTimeMs: 1745483584917
2025-04-24T15:33:04.925+07:00  INFO 69306 --- [devop-automation] [           main] o.a.k.c.c.internals.LegacyKafkaConsumer  : [Consumer clientId=consumer-default-group-8, groupId=default-group] Subscribed to topic(s): inventory.checked
2025-04-24T15:33:04.969+07:00  INFO 69306 --- [devop-automation] [           main] o.a.k.clients.consumer.ConsumerConfig    : ConsumerConfig values: 
	allow.auto.create.topics = true
	auto.commit.interval.ms = 5000
	auto.include.jmx.reporter = true
	auto.offset.reset = latest
	bootstrap.servers = [localhost:9092]
	check.crcs = true
	client.dns.lookup = use_all_dns_ips
	client.id = consumer-default-group-9
	client.rack = 
	connections.max.idle.ms = 540000
	default.api.timeout.ms = 60000
	enable.auto.commit = false
	enable.metrics.push = true
	exclude.internal.topics = true
	fetch.max.bytes = 52428800
	fetch.max.wait.ms = 500
	fetch.min.bytes = 1
	group.id = default-group
	group.instance.id = null
	group.protocol = classic
	group.remote.assignor = null
	heartbeat.interval.ms = 3000
	interceptor.classes = []
	internal.leave.group.on.close = true
	internal.throw.on.fetch.stable.offset.unsupported = false
	isolation.level = read_uncommitted
	key.deserializer = class org.apache.kafka.common.serialization.StringDeserializer
	max.partition.fetch.bytes = 1048576
	max.poll.interval.ms = 300000
	max.poll.records = 500
	metadata.max.age.ms = 300000
	metadata.recovery.strategy = none
	metric.reporters = []
	metrics.num.samples = 2
	metrics.recording.level = INFO
	metrics.sample.window.ms = 30000
	partition.assignment.strategy = [class org.apache.kafka.clients.consumer.RangeAssignor, class org.apache.kafka.clients.consumer.CooperativeStickyAssignor]
	receive.buffer.bytes = 65536
	reconnect.backoff.max.ms = 1000
	reconnect.backoff.ms = 50
	request.timeout.ms = 30000
	retry.backoff.max.ms = 1000
	retry.backoff.ms = 100
	sasl.client.callback.handler.class = null
	sasl.jaas.config = null
	sasl.kerberos.kinit.cmd = /usr/bin/kinit
	sasl.kerberos.min.time.before.relogin = 60000
	sasl.kerberos.service.name = null
	sasl.kerberos.ticket.renew.jitter = 0.05
	sasl.kerberos.ticket.renew.window.factor = 0.8
	sasl.login.callback.handler.class = null
	sasl.login.class = null
	sasl.login.connect.timeout.ms = null
	sasl.login.read.timeout.ms = null
	sasl.login.refresh.buffer.seconds = 300
	sasl.login.refresh.min.period.seconds = 60
	sasl.login.refresh.window.factor = 0.8
	sasl.login.refresh.window.jitter = 0.05
	sasl.login.retry.backoff.max.ms = 10000
	sasl.login.retry.backoff.ms = 100
	sasl.mechanism = GSSAPI
	sasl.oauthbearer.clock.skew.seconds = 30
	sasl.oauthbearer.expected.audience = null
	sasl.oauthbearer.expected.issuer = null
	sasl.oauthbearer.jwks.endpoint.refresh.ms = 3600000
	sasl.oauthbearer.jwks.endpoint.retry.backoff.max.ms = 10000
	sasl.oauthbearer.jwks.endpoint.retry.backoff.ms = 100
	sasl.oauthbearer.jwks.endpoint.url = null
	sasl.oauthbearer.scope.claim.name = scope
	sasl.oauthbearer.sub.claim.name = sub
	sasl.oauthbearer.token.endpoint.url = null
	security.protocol = PLAINTEXT
	security.providers = null
	send.buffer.bytes = 131072
	session.timeout.ms = 45000
	socket.connection.setup.timeout.max.ms = 30000
	socket.connection.setup.timeout.ms = 10000
	ssl.cipher.suites = null
	ssl.enabled.protocols = [TLSv1.2, TLSv1.3]
	ssl.endpoint.identification.algorithm = https
	ssl.engine.factory.class = null
	ssl.key.password = null
	ssl.keymanager.algorithm = SunX509
	ssl.keystore.certificate.chain = null
	ssl.keystore.key = null
	ssl.keystore.location = null
	ssl.keystore.password = null
	ssl.keystore.type = JKS
	ssl.protocol = TLSv1.3
	ssl.provider = null
	ssl.secure.random.implementation = null
	ssl.trustmanager.algorithm = PKIX
	ssl.truststore.certificates = null
	ssl.truststore.location = null
	ssl.truststore.password = null
	ssl.truststore.type = JKS
	value.deserializer = class org.springframework.kafka.support.serializer.JsonDeserializer

2025-04-24T15:33:04.971+07:00  INFO 69306 --- [devop-automation] [           main] o.a.k.c.t.i.KafkaMetricsCollector        : initializing Kafka metrics collector
2025-04-24T15:33:05.005+07:00  INFO 69306 --- [devop-automation] [           main] o.a.kafka.common.utils.AppInfoParser     : Kafka version: 3.8.1
2025-04-24T15:33:05.007+07:00  INFO 69306 --- [devop-automation] [           main] o.a.kafka.common.utils.AppInfoParser     : Kafka commitId: 70d6ff42debf7e17
2025-04-24T15:33:05.008+07:00  INFO 69306 --- [devop-automation] [           main] o.a.kafka.common.utils.AppInfoParser     : Kafka startTimeMs: 1745483585005
2025-04-24T15:33:05.019+07:00  INFO 69306 --- [devop-automation] [           main] o.a.k.c.c.internals.LegacyKafkaConsumer  : [Consumer clientId=consumer-default-group-9, groupId=default-group] Subscribed to topic(s): inventory.checked
2025-04-24T15:33:05.086+07:00  INFO 69306 --- [devop-automation] [           main] c.l.d.DevOpIntegrationApplicationTests   : Started DevOpIntegrationApplicationTests in 7.094 seconds (process running for 9.671)
2025-04-24T15:33:05.805+07:00  INFO 69306 --- [devop-automation] [ntainer#1-0-C-1] org.apache.kafka.clients.Metadata        : [Consumer clientId=consumer-default-group-7, groupId=default-group] Cluster ID: 3t-1aMW4RL6COWReyAtauw
2025-04-24T15:33:05.806+07:00  INFO 69306 --- [devop-automation] [ntainer#0-1-C-1] org.apache.kafka.clients.Metadata        : [Consumer clientId=consumer-default-group-5, groupId=default-group] Cluster ID: 3t-1aMW4RL6COWReyAtauw
2025-04-24T15:33:05.805+07:00  INFO 69306 --- [devop-automation] [ntainer#2-0-C-1] org.apache.kafka.clients.Metadata        : [Consumer clientId=consumer-default-group-1, groupId=default-group] Cluster ID: 3t-1aMW4RL6COWReyAtauw
2025-04-24T15:33:05.810+07:00  INFO 69306 --- [devop-automation] [ntainer#1-1-C-1] org.apache.kafka.clients.Metadata        : [Consumer clientId=consumer-default-group-8, groupId=default-group] Cluster ID: 3t-1aMW4RL6COWReyAtauw
2025-04-24T15:33:05.810+07:00  INFO 69306 --- [devop-automation] [ntainer#1-2-C-1] org.apache.kafka.clients.Metadata        : [Consumer clientId=consumer-default-group-9, groupId=default-group] Cluster ID: 3t-1aMW4RL6COWReyAtauw
2025-04-24T15:33:05.810+07:00  INFO 69306 --- [devop-automation] [ntainer#2-2-C-1] org.apache.kafka.clients.Metadata        : [Consumer clientId=consumer-default-group-3, groupId=default-group] Cluster ID: 3t-1aMW4RL6COWReyAtauw
2025-04-24T15:33:05.811+07:00  INFO 69306 --- [devop-automation] [ntainer#0-2-C-1] org.apache.kafka.clients.Metadata        : [Consumer clientId=consumer-default-group-6, groupId=default-group] Cluster ID: 3t-1aMW4RL6COWReyAtauw
2025-04-24T15:33:05.811+07:00  INFO 69306 --- [devop-automation] [ntainer#0-0-C-1] org.apache.kafka.clients.Metadata        : [Consumer clientId=consumer-default-group-4, groupId=default-group] Cluster ID: 3t-1aMW4RL6COWReyAtauw
2025-04-24T15:33:05.812+07:00  INFO 69306 --- [devop-automation] [ntainer#2-1-C-1] org.apache.kafka.clients.Metadata        : [Consumer clientId=consumer-default-group-2, groupId=default-group] Cluster ID: 3t-1aMW4RL6COWReyAtauw
2025-04-24T15:33:05.818+07:00  INFO 69306 --- [devop-automation] [ntainer#0-1-C-1] o.a.k.c.c.internals.ConsumerCoordinator  : [Consumer clientId=consumer-default-group-5, groupId=default-group] Discovered group coordinator localhost:9092 (id: 2147483646 rack: null)
2025-04-24T15:33:05.818+07:00  INFO 69306 --- [devop-automation] [ntainer#2-0-C-1] o.a.k.c.c.internals.ConsumerCoordinator  : [Consumer clientId=consumer-default-group-1, groupId=default-group] Discovered group coordinator localhost:9092 (id: 2147483646 rack: null)
2025-04-24T15:33:05.818+07:00  INFO 69306 --- [devop-automation] [ntainer#1-0-C-1] o.a.k.c.c.internals.ConsumerCoordinator  : [Consumer clientId=consumer-default-group-7, groupId=default-group] Discovered group coordinator localhost:9092 (id: 2147483646 rack: null)
2025-04-24T15:33:05.823+07:00  INFO 69306 --- [devop-automation] [ntainer#1-0-C-1] o.a.k.c.c.internals.ConsumerCoordinator  : [Consumer clientId=consumer-default-group-7, groupId=default-group] (Re-)joining group
2025-04-24T15:33:05.825+07:00  INFO 69306 --- [devop-automation] [ntainer#2-0-C-1] o.a.k.c.c.internals.ConsumerCoordinator  : [Consumer clientId=consumer-default-group-1, groupId=default-group] (Re-)joining group
2025-04-24T15:33:05.826+07:00  INFO 69306 --- [devop-automation] [ntainer#0-1-C-1] o.a.k.c.c.internals.ConsumerCoordinator  : [Consumer clientId=consumer-default-group-5, groupId=default-group] (Re-)joining group
2025-04-24T15:33:05.845+07:00  INFO 69306 --- [devop-automation] [ntainer#1-2-C-1] o.a.k.c.c.internals.ConsumerCoordinator  : [Consumer clientId=consumer-default-group-9, groupId=default-group] Discovered group coordinator localhost:9092 (id: 2147483646 rack: null)
2025-04-24T15:33:05.845+07:00  INFO 69306 --- [devop-automation] [ntainer#0-0-C-1] o.a.k.c.c.internals.ConsumerCoordinator  : [Consumer clientId=consumer-default-group-4, groupId=default-group] Discovered group coordinator localhost:9092 (id: 2147483646 rack: null)
2025-04-24T15:33:05.845+07:00  INFO 69306 --- [devop-automation] [ntainer#0-2-C-1] o.a.k.c.c.internals.ConsumerCoordinator  : [Consumer clientId=consumer-default-group-6, groupId=default-group] Discovered group coordinator localhost:9092 (id: 2147483646 rack: null)
2025-04-24T15:33:05.846+07:00  INFO 69306 --- [devop-automation] [ntainer#1-2-C-1] o.a.k.c.c.internals.ConsumerCoordinator  : [Consumer clientId=consumer-default-group-9, groupId=default-group] (Re-)joining group
2025-04-24T15:33:05.847+07:00  INFO 69306 --- [devop-automation] [ntainer#0-2-C-1] o.a.k.c.c.internals.ConsumerCoordinator  : [Consumer clientId=consumer-default-group-6, groupId=default-group] (Re-)joining group
2025-04-24T15:33:05.849+07:00  INFO 69306 --- [devop-automation] [ntainer#2-1-C-1] o.a.k.c.c.internals.ConsumerCoordinator  : [Consumer clientId=consumer-default-group-2, groupId=default-group] Discovered group coordinator localhost:9092 (id: 2147483646 rack: null)
2025-04-24T15:33:05.860+07:00  INFO 69306 --- [devop-automation] [ntainer#1-1-C-1] o.a.k.c.c.internals.ConsumerCoordinator  : [Consumer clientId=consumer-default-group-8, groupId=default-group] Discovered group coordinator localhost:9092 (id: 2147483646 rack: null)
2025-04-24T15:33:05.860+07:00  INFO 69306 --- [devop-automation] [ntainer#2-2-C-1] o.a.k.c.c.internals.ConsumerCoordinator  : [Consumer clientId=consumer-default-group-3, groupId=default-group] Discovered group coordinator localhost:9092 (id: 2147483646 rack: null)
2025-04-24T15:33:05.862+07:00  INFO 69306 --- [devop-automation] [ntainer#0-0-C-1] o.a.k.c.c.internals.ConsumerCoordinator  : [Consumer clientId=consumer-default-group-4, groupId=default-group] (Re-)joining group
2025-04-24T15:33:05.868+07:00  INFO 69306 --- [devop-automation] [ntainer#1-1-C-1] o.a.k.c.c.internals.ConsumerCoordinator  : [Consumer clientId=consumer-default-group-8, groupId=default-group] (Re-)joining group
2025-04-24T15:33:05.871+07:00  INFO 69306 --- [devop-automation] [ntainer#2-2-C-1] o.a.k.c.c.internals.ConsumerCoordinator  : [Consumer clientId=consumer-default-group-3, groupId=default-group] (Re-)joining group
2025-04-24T15:33:05.876+07:00  INFO 69306 --- [devop-automation] [ntainer#2-1-C-1] o.a.k.c.c.internals.ConsumerCoordinator  : [Consumer clientId=consumer-default-group-2, groupId=default-group] (Re-)joining group
2025-04-24T15:33:05.903+07:00  INFO 69306 --- [devop-automation] [ntainer#1-0-C-1] o.a.k.c.c.internals.ConsumerCoordinator  : [Consumer clientId=consumer-default-group-7, groupId=default-group] Request joining group due to: need to re-join with the given member-id: consumer-default-group-7-33badc2c-9258-4a90-9570-9d539626cb3e
2025-04-24T15:33:05.903+07:00  INFO 69306 --- [devop-automation] [ntainer#1-0-C-1] o.a.k.c.c.internals.ConsumerCoordinator  : [Consumer clientId=consumer-default-group-7, groupId=default-group] (Re-)joining group
2025-04-24T15:33:05.910+07:00  INFO 69306 --- [devop-automation] [ntainer#1-1-C-1] o.a.k.c.c.internals.ConsumerCoordinator  : [Consumer clientId=consumer-default-group-8, groupId=default-group] Request joining group due to: need to re-join with the given member-id: consumer-default-group-8-fbb326c3-db89-46bf-9463-0aed34294b83
2025-04-24T15:33:05.911+07:00  INFO 69306 --- [devop-automation] [ntainer#1-1-C-1] o.a.k.c.c.internals.ConsumerCoordinator  : [Consumer clientId=consumer-default-group-8, groupId=default-group] (Re-)joining group
2025-04-24T15:33:05.915+07:00  INFO 69306 --- [devop-automation] [ntainer#0-2-C-1] o.a.k.c.c.internals.ConsumerCoordinator  : [Consumer clientId=consumer-default-group-6, groupId=default-group] Request joining group due to: need to re-join with the given member-id: consumer-default-group-6-3005830e-797a-43bd-bd7e-687400f786bd
2025-04-24T15:33:05.915+07:00  INFO 69306 --- [devop-automation] [ntainer#0-2-C-1] o.a.k.c.c.internals.ConsumerCoordinator  : [Consumer clientId=consumer-default-group-6, groupId=default-group] (Re-)joining group
2025-04-24T15:33:05.916+07:00  INFO 69306 --- [devop-automation] [ntainer#0-0-C-1] o.a.k.c.c.internals.ConsumerCoordinator  : [Consumer clientId=consumer-default-group-4, groupId=default-group] Request joining group due to: need to re-join with the given member-id: consumer-default-group-4-74c9f2e5-a655-47a8-88d8-94e0d7810e93
2025-04-24T15:33:05.916+07:00  INFO 69306 --- [devop-automation] [ntainer#0-0-C-1] o.a.k.c.c.internals.ConsumerCoordinator  : [Consumer clientId=consumer-default-group-4, groupId=default-group] (Re-)joining group
2025-04-24T15:33:05.916+07:00  INFO 69306 --- [devop-automation] [ntainer#2-0-C-1] o.a.k.c.c.internals.ConsumerCoordinator  : [Consumer clientId=consumer-default-group-1, groupId=default-group] Request joining group due to: need to re-join with the given member-id: consumer-default-group-1-21a4ad6b-aea2-4bb2-a821-038f40927625
2025-04-24T15:33:05.917+07:00  INFO 69306 --- [devop-automation] [ntainer#2-0-C-1] o.a.k.c.c.internals.ConsumerCoordinator  : [Consumer clientId=consumer-default-group-1, groupId=default-group] (Re-)joining group
2025-04-24T15:33:05.919+07:00  INFO 69306 --- [devop-automation] [ntainer#2-1-C-1] o.a.k.c.c.internals.ConsumerCoordinator  : [Consumer clientId=consumer-default-group-2, groupId=default-group] Request joining group due to: need to re-join with the given member-id: consumer-default-group-2-f318b336-62aa-4dee-8146-68175970292b
2025-04-24T15:33:05.919+07:00  INFO 69306 --- [devop-automation] [ntainer#2-1-C-1] o.a.k.c.c.internals.ConsumerCoordinator  : [Consumer clientId=consumer-default-group-2, groupId=default-group] (Re-)joining group
2025-04-24T15:33:05.921+07:00  INFO 69306 --- [devop-automation] [ntainer#1-2-C-1] o.a.k.c.c.internals.ConsumerCoordinator  : [Consumer clientId=consumer-default-group-9, groupId=default-group] Request joining group due to: need to re-join with the given member-id: consumer-default-group-9-faeaee39-4393-4a5c-a188-3940625a6625
2025-04-24T15:33:05.921+07:00  INFO 69306 --- [devop-automation] [ntainer#2-2-C-1] o.a.k.c.c.internals.ConsumerCoordinator  : [Consumer clientId=consumer-default-group-3, groupId=default-group] Request joining group due to: need to re-join with the given member-id: consumer-default-group-3-b6732f17-19ee-4b77-a9b0-3c345084903b
2025-04-24T15:33:05.921+07:00  INFO 69306 --- [devop-automation] [ntainer#0-1-C-1] o.a.k.c.c.internals.ConsumerCoordinator  : [Consumer clientId=consumer-default-group-5, groupId=default-group] Request joining group due to: need to re-join with the given member-id: consumer-default-group-5-9eb39be3-d793-4554-a718-ccaa484ce68a
2025-04-24T15:33:05.921+07:00  INFO 69306 --- [devop-automation] [ntainer#1-2-C-1] o.a.k.c.c.internals.ConsumerCoordinator  : [Consumer clientId=consumer-default-group-9, groupId=default-group] (Re-)joining group
2025-04-24T15:33:05.921+07:00  INFO 69306 --- [devop-automation] [ntainer#2-2-C-1] o.a.k.c.c.internals.ConsumerCoordinator  : [Consumer clientId=consumer-default-group-3, groupId=default-group] (Re-)joining group
2025-04-24T15:33:05.922+07:00  INFO 69306 --- [devop-automation] [ntainer#0-1-C-1] o.a.k.c.c.internals.ConsumerCoordinator  : [Consumer clientId=consumer-default-group-5, groupId=default-group] (Re-)joining group
2025-04-24T15:33:06.753+07:00  INFO 69306 --- [devop-automation] [ntainer#1-2-C-1] o.a.k.c.c.internals.ConsumerCoordinator  : [Consumer clientId=consumer-default-group-9, groupId=default-group] Successfully joined group with generation Generation{generationId=20, memberId='consumer-default-group-9-faeaee39-4393-4a5c-a188-3940625a6625', protocol='range'}
2025-04-24T15:33:06.756+07:00  INFO 69306 --- [devop-automation] [ntainer#1-0-C-1] o.a.k.c.c.internals.ConsumerCoordinator  : [Consumer clientId=consumer-default-group-7, groupId=default-group] Successfully joined group with generation Generation{generationId=20, memberId='consumer-default-group-7-33badc2c-9258-4a90-9570-9d539626cb3e', protocol='range'}
2025-04-24T15:33:06.758+07:00  INFO 69306 --- [devop-automation] [ntainer#1-1-C-1] o.a.k.c.c.internals.ConsumerCoordinator  : [Consumer clientId=consumer-default-group-8, groupId=default-group] Successfully joined group with generation Generation{generationId=20, memberId='consumer-default-group-8-fbb326c3-db89-46bf-9463-0aed34294b83', protocol='range'}
2025-04-24T15:33:06.761+07:00  INFO 69306 --- [devop-automation] [ntainer#0-2-C-1] o.a.k.c.c.internals.ConsumerCoordinator  : [Consumer clientId=consumer-default-group-6, groupId=default-group] Successfully joined group with generation Generation{generationId=20, memberId='consumer-default-group-6-3005830e-797a-43bd-bd7e-687400f786bd', protocol='range'}
2025-04-24T15:33:06.765+07:00  INFO 69306 --- [devop-automation] [ntainer#2-2-C-1] o.a.k.c.c.internals.ConsumerCoordinator  : [Consumer clientId=consumer-default-group-3, groupId=default-group] Successfully joined group with generation Generation{generationId=20, memberId='consumer-default-group-3-b6732f17-19ee-4b77-a9b0-3c345084903b', protocol='range'}
2025-04-24T15:33:06.767+07:00  INFO 69306 --- [devop-automation] [ntainer#0-1-C-1] o.a.k.c.c.internals.ConsumerCoordinator  : [Consumer clientId=consumer-default-group-5, groupId=default-group] Successfully joined group with generation Generation{generationId=20, memberId='consumer-default-group-5-9eb39be3-d793-4554-a718-ccaa484ce68a', protocol='range'}
2025-04-24T15:33:06.773+07:00  INFO 69306 --- [devop-automation] [ntainer#0-0-C-1] o.a.k.c.c.internals.ConsumerCoordinator  : [Consumer clientId=consumer-default-group-4, groupId=default-group] Successfully joined group with generation Generation{generationId=20, memberId='consumer-default-group-4-74c9f2e5-a655-47a8-88d8-94e0d7810e93', protocol='range'}
2025-04-24T15:33:06.773+07:00  INFO 69306 --- [devop-automation] [ntainer#2-1-C-1] o.a.k.c.c.internals.ConsumerCoordinator  : [Consumer clientId=consumer-default-group-2, groupId=default-group] Successfully joined group with generation Generation{generationId=20, memberId='consumer-default-group-2-f318b336-62aa-4dee-8146-68175970292b', protocol='range'}
2025-04-24T15:33:06.775+07:00  INFO 69306 --- [devop-automation] [ntainer#2-0-C-1] o.a.k.c.c.internals.ConsumerCoordinator  : [Consumer clientId=consumer-default-group-1, groupId=default-group] Successfully joined group with generation Generation{generationId=20, memberId='consumer-default-group-1-21a4ad6b-aea2-4bb2-a821-038f40927625', protocol='range'}
2025-04-24T15:33:06.824+07:00  INFO 69306 --- [devop-automation] [ntainer#1-2-C-1] o.a.k.c.c.internals.ConsumerCoordinator  : [Consumer clientId=consumer-default-group-9, groupId=default-group] Successfully synced group in generation Generation{generationId=20, memberId='consumer-default-group-9-faeaee39-4393-4a5c-a188-3940625a6625', protocol='range'}
2025-04-24T15:33:06.828+07:00  INFO 69306 --- [devop-automation] [ntainer#1-2-C-1] o.a.k.c.c.internals.ConsumerCoordinator  : [Consumer clientId=consumer-default-group-9, groupId=default-group] Notifying assignor about the new Assignment(partitions=[])
2025-04-24T15:33:06.831+07:00  INFO 69306 --- [devop-automation] [ntainer#2-2-C-1] o.a.k.c.c.internals.ConsumerCoordinator  : [Consumer clientId=consumer-default-group-3, groupId=default-group] Successfully synced group in generation Generation{generationId=20, memberId='consumer-default-group-3-b6732f17-19ee-4b77-a9b0-3c345084903b', protocol='range'}
2025-04-24T15:33:06.831+07:00  INFO 69306 --- [devop-automation] [ntainer#2-2-C-1] o.a.k.c.c.internals.ConsumerCoordinator  : [Consumer clientId=consumer-default-group-3, groupId=default-group] Notifying assignor about the new Assignment(partitions=[])
2025-04-24T15:33:06.829+07:00  INFO 69306 --- [devop-automation] [ntainer#1-0-C-1] o.a.k.c.c.internals.ConsumerCoordinator  : [Consumer clientId=consumer-default-group-7, groupId=default-group] Successfully synced group in generation Generation{generationId=20, memberId='consumer-default-group-7-33badc2c-9258-4a90-9570-9d539626cb3e', protocol='range'}
2025-04-24T15:33:06.832+07:00  INFO 69306 --- [devop-automation] [ntainer#2-2-C-1] k.c.c.i.ConsumerRebalanceListenerInvoker : [Consumer clientId=consumer-default-group-3, groupId=default-group] Adding newly assigned partitions: 
2025-04-24T15:33:06.832+07:00  INFO 69306 --- [devop-automation] [ntainer#1-2-C-1] k.c.c.i.ConsumerRebalanceListenerInvoker : [Consumer clientId=consumer-default-group-9, groupId=default-group] Adding newly assigned partitions: 
2025-04-24T15:33:06.832+07:00  INFO 69306 --- [devop-automation] [ntainer#1-0-C-1] o.a.k.c.c.internals.ConsumerCoordinator  : [Consumer clientId=consumer-default-group-7, groupId=default-group] Notifying assignor about the new Assignment(partitions=[])
2025-04-24T15:33:06.833+07:00  INFO 69306 --- [devop-automation] [ntainer#1-0-C-1] k.c.c.i.ConsumerRebalanceListenerInvoker : [Consumer clientId=consumer-default-group-7, groupId=default-group] Adding newly assigned partitions: 
2025-04-24T15:33:06.834+07:00  INFO 69306 --- [devop-automation] [ntainer#1-0-C-1] o.s.k.l.KafkaMessageListenerContainer    : default-group: partitions assigned: []
2025-04-24T15:33:06.835+07:00  INFO 69306 --- [devop-automation] [ntainer#1-2-C-1] o.s.k.l.KafkaMessageListenerContainer    : default-group: partitions assigned: []
2025-04-24T15:33:06.834+07:00  INFO 69306 --- [devop-automation] [ntainer#2-2-C-1] o.s.k.l.KafkaMessageListenerContainer    : default-group: partitions assigned: []
2025-04-24T15:33:06.838+07:00  INFO 69306 --- [devop-automation] [ntainer#1-1-C-1] o.a.k.c.c.internals.ConsumerCoordinator  : [Consumer clientId=consumer-default-group-8, groupId=default-group] Successfully synced group in generation Generation{generationId=20, memberId='consumer-default-group-8-fbb326c3-db89-46bf-9463-0aed34294b83', protocol='range'}
2025-04-24T15:33:06.839+07:00  INFO 69306 --- [devop-automation] [ntainer#0-2-C-1] o.a.k.c.c.internals.ConsumerCoordinator  : [Consumer clientId=consumer-default-group-6, groupId=default-group] Successfully synced group in generation Generation{generationId=20, memberId='consumer-default-group-6-3005830e-797a-43bd-bd7e-687400f786bd', protocol='range'}
2025-04-24T15:33:06.839+07:00  INFO 69306 --- [devop-automation] [ntainer#0-2-C-1] o.a.k.c.c.internals.ConsumerCoordinator  : [Consumer clientId=consumer-default-group-6, groupId=default-group] Notifying assignor about the new Assignment(partitions=[])
2025-04-24T15:33:06.839+07:00  INFO 69306 --- [devop-automation] [ntainer#0-2-C-1] k.c.c.i.ConsumerRebalanceListenerInvoker : [Consumer clientId=consumer-default-group-6, groupId=default-group] Adding newly assigned partitions: 
2025-04-24T15:33:06.839+07:00  INFO 69306 --- [devop-automation] [ntainer#0-2-C-1] o.s.k.l.KafkaMessageListenerContainer    : default-group: partitions assigned: []
2025-04-24T15:33:06.839+07:00  INFO 69306 --- [devop-automation] [ntainer#1-1-C-1] o.a.k.c.c.internals.ConsumerCoordinator  : [Consumer clientId=consumer-default-group-8, groupId=default-group] Notifying assignor about the new Assignment(partitions=[])
2025-04-24T15:33:06.841+07:00  INFO 69306 --- [devop-automation] [ntainer#1-1-C-1] k.c.c.i.ConsumerRebalanceListenerInvoker : [Consumer clientId=consumer-default-group-8, groupId=default-group] Adding newly assigned partitions: 
2025-04-24T15:33:06.842+07:00  INFO 69306 --- [devop-automation] [ntainer#1-1-C-1] o.s.k.l.KafkaMessageListenerContainer    : default-group: partitions assigned: []
2025-04-24T15:33:06.843+07:00  INFO 69306 --- [devop-automation] [ntainer#0-0-C-1] o.a.k.c.c.internals.ConsumerCoordinator  : [Consumer clientId=consumer-default-group-4, groupId=default-group] Successfully synced group in generation Generation{generationId=20, memberId='consumer-default-group-4-74c9f2e5-a655-47a8-88d8-94e0d7810e93', protocol='range'}
2025-04-24T15:33:06.844+07:00  INFO 69306 --- [devop-automation] [ntainer#2-1-C-1] o.a.k.c.c.internals.ConsumerCoordinator  : [Consumer clientId=consumer-default-group-2, groupId=default-group] Successfully synced group in generation Generation{generationId=20, memberId='consumer-default-group-2-f318b336-62aa-4dee-8146-68175970292b', protocol='range'}
2025-04-24T15:33:06.844+07:00  INFO 69306 --- [devop-automation] [ntainer#0-0-C-1] o.a.k.c.c.internals.ConsumerCoordinator  : [Consumer clientId=consumer-default-group-4, groupId=default-group] Notifying assignor about the new Assignment(partitions=[])
2025-04-24T15:33:06.844+07:00  INFO 69306 --- [devop-automation] [ntainer#2-1-C-1] o.a.k.c.c.internals.ConsumerCoordinator  : [Consumer clientId=consumer-default-group-2, groupId=default-group] Notifying assignor about the new Assignment(partitions=[])
2025-04-24T15:33:06.844+07:00  INFO 69306 --- [devop-automation] [ntainer#2-1-C-1] k.c.c.i.ConsumerRebalanceListenerInvoker : [Consumer clientId=consumer-default-group-2, groupId=default-group] Adding newly assigned partitions: 
2025-04-24T15:33:06.844+07:00  INFO 69306 --- [devop-automation] [ntainer#2-1-C-1] o.s.k.l.KafkaMessageListenerContainer    : default-group: partitions assigned: []
2025-04-24T15:33:06.844+07:00  INFO 69306 --- [devop-automation] [ntainer#0-0-C-1] k.c.c.i.ConsumerRebalanceListenerInvoker : [Consumer clientId=consumer-default-group-4, groupId=default-group] Adding newly assigned partitions: 
2025-04-24T15:33:06.845+07:00  INFO 69306 --- [devop-automation] [ntainer#0-0-C-1] o.s.k.l.KafkaMessageListenerContainer    : default-group: partitions assigned: []
2025-04-24T15:33:06.858+07:00  INFO 69306 --- [devop-automation] [ntainer#0-1-C-1] o.a.k.c.c.internals.ConsumerCoordinator  : [Consumer clientId=consumer-default-group-5, groupId=default-group] Successfully synced group in generation Generation{generationId=20, memberId='consumer-default-group-5-9eb39be3-d793-4554-a718-ccaa484ce68a', protocol='range'}
2025-04-24T15:33:06.859+07:00  INFO 69306 --- [devop-automation] [ntainer#0-1-C-1] o.a.k.c.c.internals.ConsumerCoordinator  : [Consumer clientId=consumer-default-group-5, groupId=default-group] Notifying assignor about the new Assignment(partitions=[])
2025-04-24T15:33:06.860+07:00  INFO 69306 --- [devop-automation] [ntainer#0-1-C-1] k.c.c.i.ConsumerRebalanceListenerInvoker : [Consumer clientId=consumer-default-group-5, groupId=default-group] Adding newly assigned partitions: 
2025-04-24T15:33:06.860+07:00  INFO 69306 --- [devop-automation] [ntainer#0-1-C-1] o.s.k.l.KafkaMessageListenerContainer    : default-group: partitions assigned: []
2025-04-24T15:33:06.862+07:00  INFO 69306 --- [devop-automation] [ntainer#2-0-C-1] o.a.k.c.c.internals.ConsumerCoordinator  : [Consumer clientId=consumer-default-group-1, groupId=default-group] Successfully synced group in generation Generation{generationId=20, memberId='consumer-default-group-1-21a4ad6b-aea2-4bb2-a821-038f40927625', protocol='range'}
2025-04-24T15:33:06.863+07:00  INFO 69306 --- [devop-automation] [ntainer#2-0-C-1] o.a.k.c.c.internals.ConsumerCoordinator  : [Consumer clientId=consumer-default-group-1, groupId=default-group] Notifying assignor about the new Assignment(partitions=[payment.processed-0])
2025-04-24T15:33:06.866+07:00  INFO 69306 --- [devop-automation] [ntainer#2-0-C-1] k.c.c.i.ConsumerRebalanceListenerInvoker : [Consumer clientId=consumer-default-group-1, groupId=default-group] Adding newly assigned partitions: payment.processed-0
2025-04-24T15:33:06.898+07:00  INFO 69306 --- [devop-automation] [ntainer#2-0-C-1] o.a.k.c.c.internals.ConsumerUtils        : Setting offset for partition payment.processed-0 to the committed offset FetchPosition{offset=4, offsetEpoch=Optional.empty, currentLeader=LeaderAndEpoch{leader=Optional[localhost:9092 (id: 1 rack: null)], epoch=0}}
2025-04-24T15:33:06.899+07:00  INFO 69306 --- [devop-automation] [ntainer#2-0-C-1] o.s.k.l.KafkaMessageListenerContainer    : default-group: partitions assigned: [payment.processed-0]
]]></system-out>
    <system-err><![CDATA[Mockito is currently self-attaching to enable the inline-mock-maker. This will no longer work in future releases of the JDK. Please add Mockito as an agent to your build what is described in Mockito's documentation: https://javadoc.io/doc/org.mockito/mockito-core/latest/org/mockito/Mockito.html#0.3
WARNING: A Java agent has been loaded dynamically (/Users/kyawtkyawtshwesin/.m2/repository/net/bytebuddy/byte-buddy-agent/1.15.11/byte-buddy-agent-1.15.11.jar)
WARNING: If a serviceability tool is in use, please run with -XX:+EnableDynamicAgentLoading to hide this warning
WARNING: If a serviceability tool is not in use, please run with -Djdk.instrument.traceUsage for more information
WARNING: Dynamic loading of agents will be disallowed by default in a future release
]]></system-err>
  </testcase>
</testsuite>